epoch,acc,loss,val_acc,val_loss
0,0.5300353346359603,2.1397033386432662,0.8028169030874548,1.885551717919363
1,0.8162544175929821,1.0960268949030145,0.7746478898424498,1.9358496363733855
2,0.904593641682143,0.8263939435827438,0.4647887349128723,2.796020138431603
3,0.9257950515292137,0.7528958179504206,0.676056338867671,2.0623572510732733
4,0.9540636063464539,0.7120157596079284,0.7887323968847033,1.8388279122366031
5,0.9540636027659628,0.6966367095392921,0.6338028194199146,2.131740754758808
0,0.5441696089906322,1.7374973499311575,0.30985915618883053,2.323004551336799
1,0.8303886953175279,0.49027822653733377,0.7746478898424498,1.458520513185313
2,0.9681978819648285,0.1676895786932416,0.7042253537916802,1.4033177033276625
3,0.9964664310954063,0.08844991866828275,0.7323943687156892,1.230202423015111
4,0.9964664310954063,0.07557288520433035,0.6901408475889287,1.3517063839334837
5,0.9964664310954063,0.06859326296462924,0.7183098608339337,1.3150081802421891
6,0.9964664332015776,0.06643457584372679,0.7042253537916802,1.276570521609884
0,0.6219081269978635,1.1471386021101855
1,0.855123677017832,0.4392931486608283
2,0.9363957597173145,0.24565352810145266
3,0.9787985865724381,0.15501658331977974
4,0.9929328621908127,0.12480997383699821
5,0.9929328621908127,0.12188338587725331
6,0.9929328621908127,0.11952551511094113
7,0.9929328621908127,0.11882628065570136
8,0.9929328642969839,0.11865177989506258
9,0.9929328621908127,0.11741496113255659
10,0.9929328621908127,0.11716943465349307
11,0.9929328621908127,0.11671739046679079
12,0.9929328621908127,0.1169230923132293
13,0.9929328621908127,0.11673848377952069
14,0.9929328621908127,0.11638814974769575
15,0.9929328621908127,0.11607034676259897
16,0.9929328621908127,0.11599656475655234
17,0.9929328621908127,0.11595744513840721
18,0.9929328621908127,0.11575369324943202
19,0.9929328621908127,0.11565088117972358
0,0.5229681976692415,1.938108468645453,0.6619718326649195,2.4040766513683427
1,0.8339222627478017,1.1902097012887152,0.26760563422256795,4.68758297470254
2,0.8621908154588707,0.9907921651648127,0.7464788749184407,2.396935497371244
3,0.9434628996326729,0.7823945490294547,0.40845070674385825,3.4328410675827885
4,0.9469964685372666,0.7690086337365868,0.5633802833691449,2.8901445458472614
5,0.9540636063464539,0.743163600195423,0.6619718318254175,2.4558594201652095
6,0.9540636042402827,0.7411007124456732,0.647887325622666,2.453007004210647
7,0.9540636027659628,0.7387774585624466,0.6619718318254175,2.5283320915531107
8,0.9540636063464539,0.7370196706204026,0.6056338044959055,2.5947553318151284
9,0.9540636063464539,0.7368563834854234,0.5915492974536519,2.6119524450369282
10,0.9540636042402827,0.7366113899943711,0.5915492974536519,2.6130703410632172
11,0.9540636063464539,0.7360688099907481,0.619718310698657,2.593289059652409
12,0.9540636042402827,0.7357073788425816,0.619718310698657,2.5680357373096574
13,0.954063604872134,0.7356457440676201,0.6056338036564034,2.5547219325958843
14,0.9540636042402827,0.7353572069120992,0.6056338036564034,2.5579342506301237
15,0.9540636063464539,0.7351530457290659,0.619718310698657,2.548604491730811
16,0.9540636063464539,0.7348019918262326,0.619718310698657,2.5640823799119867
17,0.9540636027659628,0.7345474267727284,0.619718310698657,2.569129598812318
18,0.9540636063464539,0.7347046189510359,0.619718310698657,2.5719837336473064
19,0.9540636027659628,0.7341136794155563,0.6338028177409105,2.5580537159677963
0,0.5759717339761686,1.21449147686099,0.647887324363413,1.2755256773720325
1,0.8727915200664803,0.43246854446802035,0.7464788736591876,1.6673266551863979
2,0.9505300374418603,0.25180401460863255,0.40845070464510314,2.4163635750891457
3,0.9964664310954063,0.09420098550617695,0.5633802821098919,2.0174293417326163
4,0.9893992932862191,0.08105385332457168,0.6338028194199146,1.6315663633212236
5,0.9964664332015776,0.07184146070859458,0.5915492961943989,1.7970920347831618
6,0.9964664332015776,0.06785689067924823,0.5492957750676384,1.8881803767781862
7,0.9964664310954063,0.0655696651579108,0.6197183123776611,1.6540773351427536
8,0.9964664310954063,0.06440952316900656,0.6338028194199146,1.5734468211590404
9,0.9964664310954063,0.06371732096207516,0.6338028194199146,1.498893677348822
10,0.9964664310954063,0.06292417679597416,0.6197183123776611,1.6388605077501754
11,0.9964664310954063,0.06154480698607309,0.6197183123776611,1.735819380048295
12,0.9964664310954063,0.06126858226053233,0.6197183123776611,1.6215709531810922
13,0.9964664310954063,0.06072659887761773,0.6338028194199146,1.561068272926438
14,0.9964664310954063,0.06100350543000989,0.6338028194199146,1.558195624552982
15,0.9964664310954063,0.05976142859672173,0.6197183123776611,1.5921133840587778
16,0.9964664310954063,0.06013120172624295,0.6197183123776611,1.544030058551842
17,0.9964664332015776,0.059118303453859086,0.6197183123776611,1.531452350213494
18,0.9964664332015776,0.0598123791255715,0.6338028194199146,1.4961271151690416
19,0.9964664310954063,0.059326480976602085,0.6338028194199146,1.5054814748361076
20,0.9964664310954063,0.059769349062466476,0.6197183123776611,1.546488130596322
21,0.9964664310954063,0.059346367688125574,0.6197183123776611,1.5669313551674426
22,0.9964664332015776,0.05941391008323579,0.6197183123776611,1.5689750254993708
23,0.9964664310954063,0.058826427453842554,0.6197183123776611,1.5431254917467143
24,0.9964664332015776,0.05886800190295642,0.6197183123776611,1.5559925999439939
25,0.9964664310954063,0.05859693264434042,0.6197183123776611,1.5632196278639243
26,0.9964664310954063,0.05867548021298665,0.6197183123776611,1.570699906684983
27,0.9964664310954063,0.058486342012582765,0.6197183123776611,1.551733436718793
28,0.9964664310954063,0.05846863137656829,0.6197183123776611,1.5365834504785671
29,0.9964664310954063,0.05868329113931806,0.6197183123776611,1.5270715263527883
0,0.5706214689265536,1.430331601934918,0.7664473684210527,0.6899950547437919
1,0.884180790960452,0.6562979330787551,0.9769736842105263,0.3408818680204843
2,0.9180790960451978,0.5098694228438271,0.9769736842105263,0.2992003551733337
3,0.9717514124293786,0.4003341803136466,0.9835526315789473,0.2869357943142715
0,0.4745762711864407,2.837784251755914,0.7200000023841858,1.9478840374946593
1,0.8248587570621468,1.3157236452588001,0.7400000023841858,1.6591133093833923
2,0.8728813559322034,1.1837137862619034,0.8999999904632568,1.31149363219738
3,0.9463276836158192,0.7884493818806516,0.92,1.3066292037069798
4,0.9519774011299436,0.7493001189315773,0.92,1.2842759990692139
5,0.9548022598870056,0.7389121558201515,0.92,1.281949922889471
6,0.9548022598870056,0.7356820197007751,0.92,1.2811860287934542
7,0.9548022598870056,0.7351754243336986,0.92,1.2800828374549746
8,0.9548022598870056,0.7295361400639775,0.92,1.2782980477064847
9,0.9548022598870056,0.7287890269949843,0.92,1.2782072884589433
10,0.9548022598870056,0.7285564672859586,0.92,1.2779523124545813
11,0.9548022598870056,0.7271800136435672,0.92,1.2777766287885606
12,0.9548022598870056,0.7268591382419743,0.92,1.2770763716287912
13,0.9548022598870056,0.726210111838313,0.92,1.2769986899383365
14,0.9548022598870056,0.7252753924525444,0.92,1.2770701940357685
15,0.9548022598870056,0.7250315227919379,0.92,1.2769970958307386
16,0.9548022598870056,0.7243912445347083,0.92,1.2768688477762042
17,0.9548022598870056,0.7243325593874732,0.92,1.276672340920195
18,0.9548022598870056,0.7238093020498363,0.92,1.276512206690386
19,0.9548022598870056,0.7237942884490355,0.92,1.2764860675530507
20,0.9548022598870056,0.7235164073747082,0.92,1.276489115199074
21,0.9548022598870056,0.7234268755955217,0.92,1.27638199204579
22,0.9548022598870056,0.723296204260728,0.92,1.2762809868110343
23,0.9548022598870056,0.7230054682020708,0.92,1.2762423955416307
24,0.9548022598870056,0.7234144691452857,0.92,1.2762031833082437
25,0.9548022598870056,0.7229186051477821,0.92,1.276193327489309
26,0.9548022598870056,0.7224920922955049,0.92,1.2761898087104782
27,0.9548022598870056,0.7226872546318767,0.92,1.2761643757671117
28,0.9548022598870056,0.7225452156153397,0.92,1.2761260188184678
29,0.9548022598870056,0.7221852004696423,0.92,1.2760886208573357
0,0.5621468926553672,2.0487030104728743,0.4599999976158142,3.292184314727783
1,0.7457627118644068,1.5800239453881473,0.8600000023841858,1.4162166476249696
2,0.8898305084745762,0.8897641019956183,0.9,1.3231106732785702
3,0.9293785310734464,0.6760576681081353,0.92,1.2802906024642289
4,0.9576271186440678,0.6237040196287599,0.92,1.2816929671727122
5,0.963276836158192,0.5978951937882545,0.92,1.281744908504188
6,0.963276836158192,0.5953019043323972,0.92,1.279184732697904
7,0.963276836158192,0.5927827094792056,0.92,1.2777990019321441
8,0.963276836158192,0.5915701533103753,0.92,1.2774778343643993
9,0.963276836158192,0.5906839397535949,0.92,1.2771174731105566
10,0.963276836158192,0.5898935617800107,0.92,1.2768937608879058
11,0.963276836158192,0.5900313418337517,0.92,1.2767644592188299
12,0.963276836158192,0.5894541019037113,0.92,1.2766910704597831
13,0.963276836158192,0.5891162056928385,0.92,1.2767377972044052
14,0.963276836158192,0.5890845822954371,0.92,1.277065902352333
15,0.963276836158192,0.5885395905487029,0.92,1.2767179653327911
16,0.963276836158192,0.5880663603244451,0.92,1.2765994490589947
17,0.963276836158192,0.5879076074987735,0.92,1.2764820661954581
18,0.963276836158192,0.5879236736629516,0.92,1.276349243479781
19,0.963276836158192,0.5876444647002774,0.92,1.276261605238542
20,0.963276836158192,0.5874469309234939,0.92,1.2762363350996748
21,0.963276836158192,0.5874182492242024,0.92,1.276237638965249
22,0.963276836158192,0.5872266396421704,0.92,1.276178736644797
23,0.963276836158192,0.5871984714708431,0.92,1.2761482200585306
24,0.963276836158192,0.5872922841404264,0.92,1.2761140686506405
25,0.963276836158192,0.5871005950608728,0.92,1.2760633043153211
26,0.963276836158192,0.5870201827897059,0.92,1.2760173879191279
27,0.963276836158192,0.5870574478952011,0.92,1.2760045428620652
28,0.963276836158192,0.5867887388684295,0.92,1.276011938333977
29,0.963276836158192,0.5868652031436631,0.92,1.2759854023833759
0,0.5588235297305061,1.848566098646684,0.76,1.3024588356912137
1,0.87700534918729,1.0858975406636528,0.92,1.0581775322556495
2,0.93048128342246,0.9516866591305816,0.94,0.9740244679525495
3,0.9358288785990547,0.9206023009065638,0.94,0.9756951868161559
4,0.9438502673796791,0.9080445445715425,0.94,0.963407033123076
5,0.9438502664234549,0.9036953111383367,0.94,0.9619822400435806
6,0.9438502689733862,0.9015821358736824,0.94,0.9602673644619063
7,0.9438502689733862,0.900110951719437,0.94,0.9597733976552263
8,0.9438502673796791,0.8996930521063726,0.94,0.959402239387855
9,0.9438502689733862,0.8991983285084127,0.94,0.9592279612645507
10,0.9438502689733862,0.8985377722245487,0.94,0.9589479408692568
11,0.9438502673796791,0.8982157881924494,0.94,0.958755659381859
12,0.9438502689733862,0.8980405414427187,0.94,0.9586337483674288
13,0.9438502673796791,0.8977995471428721,0.94,0.9584411055967211
14,0.9438502664234549,0.8976370674124695,0.94,0.9582681212830357
15,0.9438502673796791,0.89733927945711,0.94,0.9581417649774813
16,0.9438502664234549,0.8971933081825787,0.94,0.9579994822782464
17,0.9438502664234549,0.8970105439464358,0.94,0.9579283476457932
18,0.9438502673796791,0.8969466573733682,0.94,0.9578469530190341
19,0.9438502689733862,0.8968562014390998,0.94,0.9577644748822786
20,0.9438502664234549,0.896654776481782,0.94,0.9576951127685607
21,0.943850268017162,0.8968293794734593,0.94,0.9576203082920983
22,0.9438502664234549,0.8965006113689851,0.94,0.9575604294822552
23,0.9438502664234549,0.8964864319180422,0.94,0.9575112729659304
24,0.9438502664234549,0.8964087392557114,0.94,0.9574775729665999
25,0.9438502673796791,0.8962086683640662,0.94,0.957417751121102
26,0.9438502670609378,0.8962130332017009,0.94,0.9573680668324233
27,0.9438502664234549,0.89622328412485,0.94,0.9573415039642714
28,0.943850268017162,0.8962241683434197,0.94,0.9573084884940181
29,0.9438502689733862,0.8962136159008518,0.94,0.957266963054426
0,0.5555555559569336,1.6966854446263426,0.6600000023841858,0.9295620298385621
1,0.8417508419515308,0.6327133917246603,0.9399999904632569,0.11232842743396759
2,0.9562289564296452,0.18145859677984258,1.0,0.01717098668217659
3,0.9831649831649831,0.10138410629597978,1.0,0.013091930111404509
4,0.9932659932659933,0.08344827416769984,1.0,0.010377902099862694
5,0.9966329966329966,0.06410245333644578,1.0,0.0007711145933717489
6,0.9966329966329966,0.06411859154997562,1.0,0.0006446890649385751
7,0.9966329966329966,0.059708038863164656,1.0,0.0009230834257323295
8,0.9932659932659933,0.06181579868400137,1.0,0.0007843502459581941
9,0.9932659932659933,0.03156313409296614,1.0,0.0021767012611962856
10,1.0,0.0068735525526281965,1.0,0.0035226728627458215
11,1.0,0.003754538995047611,1.0,0.0009662893164204434
12,1.0,0.0029322364303261445,1.0,0.0006273642537416891
13,1.0,0.0027633213754806054,1.0,0.0005868706741603091
14,1.0,0.0021828366780609694,1.0,0.0006539293716195971
15,1.0,0.002033885476659193,1.0,0.0007462661323370412
16,1.0,0.0020443409154511463,1.0,0.0007634246326051653
17,1.0,0.0016822724937075617,1.0,0.000669790685060434
18,1.0,0.001634217906501834,1.0,0.0006435105431592091
19,1.0,0.001668112288599188,1.0,0.0006106940872268751
20,1.0,0.0015741695551145258,1.0,0.0005578185414196924
21,1.0,0.0015607268146947905,1.0,0.0005179480550577864
22,1.0,0.0014683305329379786,1.0,0.0004970233520725742
23,1.0,0.0012414584724978867,1.0,0.0005068618536461145
24,1.0,0.0012672157417818188,1.0,0.0004976241348776966
25,1.0,0.0012668150826749276,1.0,0.00046397563244681805
26,1.0,0.0011997870310689464,1.0,0.00045908909989520906
27,1.0,0.0011880565641458876,1.0,0.0004522726469440386
28,1.0,0.0011083580576461936,1.0,0.00044439794844947756
29,1.0,0.0009723573528004415,1.0,0.000427710713702254
0,0.5723905725912615,0.759731569675484,0.8199999904632569,0.37328068673610687
1,0.9427609427609428,0.23691995276345146,1.0,0.04789410039782524
2,0.9966329966329966,0.06799428997818469,1.0,0.034040534049272535
3,0.9966329966329966,0.0399732822771827,1.0,0.018373366482555865
4,1.0,0.022994018363631533,1.0,0.011269782334566117
5,1.0,0.018906470588863095,1.0,0.009632245507091283
6,1.0,0.014296962101928112,1.0,0.007924100626260042
7,1.0,0.01294069892573186,1.0,0.006815106403082609
8,1.0,0.010924849925744613,1.0,0.006348588569089771
9,1.0,0.009690408623128227,1.0,0.005438920427113771
0,0.5690235694249471,0.8208273847897848,0.9600000023841858,0.11426409423351287
1,0.9393939395946285,0.20457263611984575,1.0,0.05175909984856844
2,1.0,0.060902496078600384,1.0,0.015851453095674515
3,1.0,0.028886150938744096,1.0,0.012010145261883735
4,1.0,0.021036958930267628,1.0,0.009271419495344163
5,1.0,0.013462331845277689,1.0,0.0069002440944314
6,1.0,0.011813553500142864,1.0,0.005498568043112755
7,1.0,0.00921496908377969,1.0,0.005047004893422127
8,1.0,0.008703577398049712,1.0,0.004349782979115844
9,1.0,0.007087315426455804,1.0,0.0037945542111992837
0,0.6430976439003993,0.7385003325915096,0.8199999904632569,0.29644148945808413
1,0.9663299663299664,0.13956329301752227,1.0,0.031266293227672576
2,0.9797979797979798,0.07645392114365543,1.0,0.013627295289188624
3,0.9966329966329966,0.03732537177174983,1.0,0.01680602364242077
4,1.0,0.019640078716393974,1.0,0.004297517035156489
5,1.0,0.01457417278741847,1.0,0.003604555409401655
6,1.0,0.010489999605123241,1.0,0.003995104935020208
7,1.0,0.008405412390502014,1.0,0.004118458344601094
8,1.0,0.007546786118537087,1.0,0.0036475050309672952
9,1.0,0.006509172628235436,1.0,0.0031286902632564305
0,0.6094276100296765,0.6781500162500324,0.8799999904632568,0.2431212133169174
1,0.9528619528619529,0.1810887959669736,1.0,0.049020616561174395
2,1.0,0.06659438503711713,1.0,0.02396769478917122
3,1.0,0.03815103694796562,1.0,0.014026778899133206
4,1.0,0.024901857756404362,1.0,0.012082864381372928
5,1.0,0.018256233465741782,1.0,0.010724110472947359
6,1.0,0.016677769318047396,1.0,0.007725657261908055
7,1.0,0.013446406219844465,1.0,0.007219706885516644
8,1.0,0.010908697013702456,1.0,0.006120261028409004
9,1.0,0.01023101563148376,1.0,0.00576451238244772
0,0.5791245799273352,0.7597403411913399,0.8599999976158142,0.37089818954467774
1,0.9259259259259259,0.2493852589668248,0.98,0.12423415899276734
2,0.9797979797979798,0.08977925902865952,1.0,0.042766508162021634
3,1.0,0.04736966173155139,1.0,0.01954145364463329
4,1.0,0.028936587084360695,1.0,0.01724281730130315
5,1.0,0.022485512462428924,1.0,0.009261942058801651
6,1.0,0.016841657516179664,1.0,0.007532993834465742
7,1.0,0.014999885080689532,1.0,0.007199436463415623
8,1.0,0.012989383595384131,1.0,0.0060995807312428955
9,1.0,0.010427230428151711,1.0,0.005474863536655903
0,0.49831649911925446,0.7996110039126592,0.3600000023841858,0.884373025894165
1,0.4646464646715508,0.7768969515758732,0.42000000476837157,0.7700611400604248
2,0.4848484851495184,0.7353109631072793,0.6600000047683716,0.6540087223052978
3,0.49831649911925446,0.7314736269138478,0.4400000071525574,0.7276086378097534
4,0.45791245821349147,0.7279381340601628,0.4600000071525574,0.7184924411773682
5,0.48148148178251504,0.7196007156211519,0.5799999976158142,0.6807841753959656
0,0.5016835018841908,0.7050076279575977,0.6199999904632568,0.6772288227081299
1,0.5420875421878866,0.6878012721787398,0.6999999928474426,0.6419911098480224
2,0.5656565664593218,0.6764171368345268,0.7400000023841858,0.6279631137847901
3,0.5656565657569101,0.6744826905655138,0.7399999904632568,0.6319870805740356
4,0.6262626265636598,0.669448288201483,0.7200000047683716,0.6086234211921692
5,0.5589225597253151,0.671915676457312,0.7399999904632568,0.6186810922622681
0,0.5252525258545924,0.7359913408956945,0.3400000023841858,0.7661705398559571
1,0.5555555563583117,0.6873069640361902,0.5600000023841858,0.6644860219955444
2,0.6060606068633623,0.6686720302209308,0.5200000023841858,0.6906095838546753
3,0.5925925929939707,0.6672308079722754,0.7000000017881394,0.6083353996276856
4,0.5656565660579438,0.6853533180474433,0.5200000023841858,0.6861736965179444
5,0.5420875421878866,0.6645959794320643,0.7800000095367432,0.6235547590255738
6,0.6868686872700649,0.6415976771601924,0.7400000095367432,0.6244619846343994
7,0.659932660334038,0.6385062704182635,0.7000000023841858,0.639992048740387
8,0.6767676775704329,0.6308304141667556,0.6999999904632568,0.6444322347640992
0,0.5353535354538799,0.7207752580594535,0.7000000023841858,0.6590277910232544
1,0.5420875421878866,0.6791833940178457,0.5200000023841858,0.6894260120391845
2,0.6666666670680448,0.6540537478546502,0.6200000023841858,0.646169924736023
3,0.6666666668673558,0.63631661010511,0.6800000002980232,0.5604171752929688
0,0.4579124579626302,0.8577806620485453,0.3200000023841858,0.9040113615989686
1,0.4545454553482107,0.7311940815312292,0.6800000002980232,0.6519049739837647
2,0.5420875421878866,0.6896132658226322,0.3200000023841858,0.7475117349624634
3,0.5656565664593218,0.6749213749310786,0.5800000035762787,0.6630605840682984
4,0.5050505058532612,0.6855525322233387,0.6000000071525574,0.6729011249542236
0,0.5420875423885756,0.7092982438276914,0.3200000023841858,0.833029637336731
1,0.5521885527906193,0.6994041150266473,0.6800000002980232,0.580530891418457
2,0.5824915824915825,0.6713475705397249,0.3599999928474426,0.7252132260799408
3,0.5420875424889202,0.6976702821375144,0.7200000035762787,0.580402512550354
4,0.5622895630923185,0.6897914522023313,0.6799999928474426,0.6229005813598633
5,0.61279461339668,0.6523260349777813,0.8400000071525574,0.5708817553520202
6,0.6430976439003993,0.6423295882815865,0.8399999904632568,0.5833793020248413
7,0.7003367011394565,0.6328514920742022,0.8600000047683716,0.562136926651001
8,0.6531986532989977,0.6268644174341401,0.7799999904632569,0.5853961992263794
9,0.686868687671443,0.6194220090955997,0.8600000071525574,0.5410684132575989
0,0.4949494957522511,0.7666417954345344,0.3800000023841858,0.7384905695915223
1,0.5521885527906193,0.6834640017262211,0.7200000023841858,0.6225222682952881
2,0.5925925933953488,0.6656715600980251,0.5200000023841858,0.6947868609428406
3,0.6127946131959908,0.651883723358514,0.7800000011920929,0.6013483262062073
4,0.6161616165629943,0.6453334014825146,0.7800000071525574,0.6002706146240234
5,0.5959595963609741,0.6449337677923517,0.7199999952316284,0.6009323596954346
6,0.7070707071710516,0.6116501229379313,0.8000000047683716,0.5857074975967407
7,0.6936026940040717,0.6055901082677874,0.8199999928474426,0.5761268663406373
8,0.6734006740027405,0.5936746322346055,0.8400000071525574,0.5432337260246277
9,0.7205387209400986,0.5852112304481994,0.8599999952316284,0.5247813963890076
0,0.5331412106322967,0.7288039878053693,0.46000000953674314,0.7285039114952088
1,0.5763688753936064,0.6883962393150549,0.46,0.740997622013092
2,0.5590778101418136,0.6719378382396973,0.3600000035762787,0.8029504656791687
3,0.5850144100807586,0.6735673864568001,0.46000000953674314,0.7304558372497558
0,0.4956772336870518,0.9928440417267748,0.24,1.081859917640686
1,0.550432275798204,0.7312133643743971,0.4800000035762787,0.8071738266944886
2,0.5878962538599625,0.6647250295028906,0.4799999952316284,0.6394001388549805
3,0.587896252228135,0.6698029178707332,0.4800000035762787,0.8133775162696838
4,0.6138328523388513,0.6554063151480485,0.5200000095367432,0.7067013692855835
5,0.6080691646086723,0.6523825038406966,0.4800000023841858,0.7689578533172607
6,0.631123919136586,0.6468738904947506,0.52,0.7195061659812927
7,0.6340057645476174,0.6403477128369663,0.4800000023841858,0.7901852798461914
0,0.5043227657117486,0.7003907013351705,0.6000000071525574,0.6705238318443298
1,0.567723345000737,0.6759665869498459,0.7999999928474426,0.6225809621810913
2,0.5936599409889419,0.6716268722193386,0.7200000047683716,0.6362353706359863
3,0.5994236301791771,0.6534991576967047,0.7999999928474426,0.592341091632843
4,0.6916426511250586,0.6362518874300316,0.6999999952316284,0.6393789219856262
0,0.5590778106571275,0.6782442422352881,0.7999999928474426,0.5681016302108765
1,0.6685878972842302,0.6435728499112967,0.7999999928474426,0.5976022815704346
2,0.7089337191251925,0.6109977144672822,0.7999999928474426,0.578481867313385
3,0.7550432269786208,0.5911983665540513,0.7999999928474426,0.5670391583442688
0,0.44956772308528253,0.7491627735775555,0.6200000047683716,0.6455584168434143
1,0.5907780967803098,0.6852795416408726,0.7199999988079071,0.5945914685726166
2,0.6023054769643789,0.6704655457985847,0.7000000178813934,0.6424943804740906
3,0.599423633700489,0.6589150832434553,0.7800000011920929,0.6112940907478333
4,0.6714697440694319,0.640144442618752,0.8199999928474426,0.6019374430179596
5,0.697406346756718,0.6214245087131643,0.800000011920929,0.5436282455921173
6,0.6685879002902281,0.612803238784889,0.7200000286102295,0.5852719247341156
7,0.6945244981679174,0.5939412144487805,0.7800000011920929,0.571954995393753
0,0.4985590743743721,0.8645680440262347,0.7599999904632568,0.5695967227220535
1,0.5590778202763208,0.7201248142836073,0.5399999916553497,0.6899898052215576
2,0.5100864597115805,0.7040855465430004,0.7199999988079071,0.6276635527610779
3,0.5619596576141006,0.6910523993824675,0.7800000011920929,0.6187558472156525
4,0.585014416436297,0.6703877828650241,0.7400000095367432,0.6204635798931122
5,0.625360226425039,0.6538381289679998,0.7600000202655792,0.6101440787315369
6,0.6541786739221568,0.6426829965382557,0.7800000011920929,0.6065113544464111
0,0.5244956796382277,0.7947504173438212,0.7599999904632568,0.5739324390888214
1,0.5360230477983051,0.7154288814115937,0.4399999976158142,0.7267707288265228
2,0.5533141266200315,0.6781105024670318,0.7399999797344208,0.6099444925785065
3,0.5936599476021374,0.6609578010671764,0.6200000047683716,0.6527073085308075
4,0.6109510162034708,0.6482832696321031,0.6800000071525574,0.6121588349342346
5,0.6801152732599022,0.63491564731433,0.7800000011920929,0.5744452774524689
6,0.6599423583027952,0.6192802749037399,0.7800000011920929,0.5886533856391907
7,0.7579250758250784,0.597028984116546,0.7199999988079071,0.6079021990299225
8,0.7925072107947182,0.5767492277477935,0.8199999928474426,0.5396068394184113
9,0.7608069190030826,0.5633282898482397,0.7600000202655792,0.5932807922363281
10,0.8155619539857254,0.5406668325322506,0.8399999737739563,0.5039011389017105
11,0.8559077825257689,0.5171800449877033,0.8199999928474426,0.540390282869339
12,0.8731988446856782,0.4960052225019471,0.8199999928474426,0.5123699307441711
13,0.8991354461705651,0.4641668766479327,0.8599999845027924,0.4329759031534195
14,0.8962536029925607,0.4352215596337827,0.8999999761581421,0.4728073924779892
15,0.9337175752999803,0.4096889154883558,0.8599999845027924,0.38307851552963257
16,0.936599415386101,0.3811524712214896,0.8799999952316284,0.38657014071941376
17,0.9308357283430072,0.3601479265806654,0.8799999952316284,0.34123124182224274
18,0.9423631115330743,0.32485272844861496,0.8799999952316284,0.340095579624176
19,0.9567723373858317,0.2973689729782621,0.8799999952316284,0.31233787536621094
0,0.5072046094909525,0.7003430919963276,0.29999999329447746,0.7775967419147491
1,0.5994236324122041,0.6650215177783362,0.41999998688697815,0.7223505973815918
2,0.6340057712466984,0.649834910971287,0.5400000065565109,0.6946355104446411
3,0.6340057684983575,0.6298756628627392,0.23999999463558197,1.0004495084285736
4,0.645533143615173,0.620257863909092,0.5999999940395355,0.6365670263767242
5,0.6916426506097447,0.6007369827124845,0.48000000417232513,0.7097606956958771
6,0.6801152780694989,0.5978155630809773,0.279999990016222,0.8449119329452515
7,0.7608069190030826,0.5673123572333059,0.3399999998509884,0.8066083788871765
8,0.7982708940588432,0.5335853112705846,0.7199999988079071,0.6112670004367828
9,0.7780979839113329,0.5335591136550354,0.5999999940395355,0.6488443911075592
10,0.8443803993357017,0.49774101685721867,0.4599999934434891,0.7171633839607239
11,0.8501440848328539,0.4745244724778002,0.5600000023841858,0.680683821439743
12,0.8703169992746469,0.451061749063239,0.5600000023841858,0.6775141954421997
13,0.8731988424526511,0.43248025175473875,0.3999999985098839,0.8453384339809418
14,0.8847262198024937,0.4080209686536267,0.5399999916553497,0.7169409096240997
15,0.9250720450788822,0.37981943507015875,0.5600000023841858,0.7056128978729248
16,0.910662815447156,0.3686354513298881,0.5600000023841858,0.6839038729667664
17,0.9250720370056307,0.3326406992478055,0.5199999809265137,0.7455091178417206
18,0.936599415386101,0.3089749034955797,0.5600000023841858,0.7304294109344482
19,0.9365994201956978,0.2961034679017768,0.6200000047683716,0.6025730669498444
0,0.5936599476021374,0.7052981006652547,0.4599999934434891,0.7305873036384583
1,0.6426513073939067,0.6485548983046232,0.3400000035762787,0.7552699446678162
2,0.6512968258486701,0.6310497099796701,0.23999999463558197,0.8811985552310944
3,0.6772334381551495,0.6133811140610093,0.5,0.709248274564743
4,0.6858789737011582,0.5988282324257777,0.4400000125169754,0.7324333488941193
5,0.7377521649904828,0.5778494501320017,0.23999999463558197,0.907653272151947
6,0.7146974142415379,0.5604016952624582,0.6000000089406967,0.6602152585983276
7,0.7463976979599218,0.5547365029194856,0.5,0.7149770557880402
8,0.8184438016297838,0.5278000599712734,0.42000000178813934,0.7764353454113007
9,0.8184437983661289,0.49885234760619723,0.5600000023841858,0.6676050424575806
0,0.521613832337712,0.7161062454284096,0.42000000178813934,0.7528399229049683
1,0.5417867353567128,0.6783866853123096,0.42000000178813934,0.7514898478984833
2,0.6224783918356003,0.6573887879635484,0.5600000023841858,0.6504154205322266
3,0.6512968403633459,0.6358505863621187,0.4000000022351742,0.7826609015464783
4,0.7002881878734666,0.6243548879362321,0.4000000022351742,0.8131756782531738
5,0.6397694545108235,0.61407654979387,0.46000000834465027,0.7169675529003143
0,0.5619596602765559,0.69937021794168,0.5399999916553497,0.6942159235477448
1,0.5533141218104348,0.6903953919836698,0.2199999988079071,0.8448286950588226
2,0.5907781000439647,0.6581254003714416,0.7000000178813934,0.6459071934223175
3,0.631123926866295,0.6419200825072846,0.23999999463558197,0.8575074374675751
4,0.6570605219956434,0.624352969937778,0.5799999833106995,0.6840223670005798
5,0.6916426475178611,0.6122535475736393,0.23999999463558197,0.8497722446918488
0,0.48126800955200744,0.7397182594115178,0.25999999046325684,0.9223661422729492
1,0.4985590817605384,0.7116583025764663,0.5,0.665020078420639
2,0.5475504288412308,0.7016895050961277,0.4599999934434891,0.6892266273498535
3,0.5216138224608616,0.6924011952938882,0.25999999046325684,0.9346536695957184
4,0.5734870368534275,0.6812694962498778,0.42000000178813934,0.7345627248287201
0,0.5417867434299645,0.7097670042549156,0.23999999836087227,0.8713098168373108
1,0.5389048991354467,0.6888380395919514,0.380000002682209,0.7725639343261719
2,0.576368872988808,0.6820406051465345,0.699999988079071,0.6265759468078613
3,0.5273775198961197,0.6988251156009927,0.46000000834465027,0.7325733304023743
4,0.5561959703992354,0.6738665365004746,0.42000000923871994,0.768940806388855
5,0.6368876107316196,0.6547620684681433,0.4000000134110451,0.7742584645748138
0,0.48821548189378344,0.706161420353334,0.4599999971687794,0.7452376782894135
1,0.5387205388208832,0.6942491238366072,0.4699999913573265,0.7329627126455307
2,0.5555555503376405,0.6834791728141734,0.44999999552965164,0.7300948202610016
3,0.5690235703280477,0.6755721282075953,0.45000001043081284,0.7267119437456131
4,0.6262626256605591,0.66382298606012,0.48000000417232513,0.7222816497087479
5,0.6296296396640816,0.6575502988063928,0.46000000089406967,0.7184365391731262
6,0.6565656559635894,0.6515747493364995,0.5399999991059303,0.7153861075639725
7,0.6531986602227696,0.6465624982259089,0.5099999941885471,0.7202309817075729
8,0.6632996739361824,0.6428400095464405,0.5499999895691872,0.7094222903251648
9,0.6969696942603949,0.631129902822,0.5599999949336052,0.7060161530971527
10,0.6498316493299272,0.6361748319282274,0.5499999932944775,0.7072972059249878
11,0.6195286210337874,0.6361473475642477,0.44999999180436134,0.7220792323350906
12,0.6161616164626498,0.6429087748431196,0.5500000044703484,0.7178607434034348
0,0.4949494881260676,0.941677582785738,0.49999999813735485,0.8532862141728401
1,0.4713804713804714,0.8045208602641969,0.509999992325902,0.7969125956296921
2,0.4377104311880439,0.7530746004396818,0.39000000059604645,0.7344655990600586
3,0.45117844696398135,0.7252504303800538,0.4899999890476465,0.7476894855499268
4,0.47138046977495907,0.720023796413884,0.3800000101327896,0.7221493422985077
0,0.5218855285584324,0.7082236409187317,0.5300000004470349,0.7156765043735505
1,0.5690235721342491,0.6764074786744937,0.44999999850988387,0.7201837599277496
2,0.5454545549872748,0.6783625254727373,0.4500000052154064,0.7126110553741455
3,0.5993266044441699,0.6626411901178585,0.5000000014901161,0.7061220467090606
0,0.552188556603711,0.6880063747717475,0.430000002682209,0.7254316449165344
1,0.5319865428237401,0.6981750100550025,0.5000000029802323,0.7401158690452576
2,0.6464646524853177,0.6601676212416755,0.45000000596046447,0.7158624053001403
3,0.6430976463086677,0.6496959119934826,0.43000000193715093,0.7138901472091674
4,0.6329966368097247,0.6419381724062191,0.5000000029802323,0.7085507452487946
0,0.5387205464470668,0.7752670653741368,0.5100000038743019,0.6932731688022613
1,0.5084175134347344,0.6975499174811624,0.5300000093877315,0.6880186021327972
2,0.5589225604277267,0.682016777269768,0.5300000116229058,0.6852996706962585
3,0.5892255931390254,0.6789181750230114,0.56000000461936,0.6796025931835175
4,0.619528624445501,0.6568577125016286,0.5099999934434891,0.6955552637577057
5,0.548821551179645,0.6720933683392175,0.5499999985098839,0.6807004153728485
6,0.6531986568110559,0.6461000617104348,0.6300000071525573,0.6700482070446014
7,0.6565656599773703,0.6405030214023911,0.5500000014901161,0.6877888739109039
8,0.6296296326399652,0.6459795475407482,0.5800000086426735,0.663323050737381
9,0.6363636389725938,0.6398811011202006,0.600000011920929,0.6707496523857117
0,0.5081433295135778,0.6988329666056928,0.5299999989569187,0.68870769739151
1,0.5798045647260809,0.6723284317538482,0.5400000035762786,0.6647112607955933
2,0.628664499773653,0.6576005113629643,0.6399999983608723,0.640798819065094
3,0.5993485399294366,0.6632476470369469,0.5300000056624412,0.6607349812984467
4,0.6416938149579573,0.6479480336465743,0.4899999998509884,0.6756991386413574
5,0.6351791568804254,0.6406883779876783,0.5000000029802323,0.6711037576198577
0,0.4495114082719293,0.9256034718662598,0.41000000163912775,0.8882325023412705
1,0.45928339218472036,0.7480121839318291,0.65,0.6792008936405182
2,0.4885993552324438,0.7149979854639656,0.5600000090897084,0.6766340434551239
3,0.49511401093161456,0.697347405096607,0.6700000017881393,0.6585278689861298
4,0.5667752490563968,0.7018667874973061,0.5800000064074993,0.6369842737913132
5,0.5504886057555481,0.6871638697987659,0.6699999928474426,0.669844001531601
6,0.5700325736782061,0.6776845657087692,0.530000002682209,0.7034612536430359
0,0.5081433275235204,0.7685980173586245,0.44000000283122065,0.733752989768982
1,0.547231276959472,0.6885005488069516,0.6299999997019767,0.6800866663455963
2,0.5211726451347239,0.6973327980755983,0.5200000062584877,0.6925615727901459
3,0.6058631946093096,0.6692839257103612,0.6700000032782555,0.6555126905441284
4,0.6286644978321336,0.6606551552440134,0.43999999985098837,0.7075800687074661
5,0.6188925153269441,0.6685403832006921,0.6700000047683716,0.6618206024169921
6,0.667752451151124,0.6365839751613257,0.6100000023841858,0.6765599429607392
7,0.6872964171322626,0.628157938147989,0.6599999949336052,0.65975701212883
8,0.6905537459283387,0.6204042535651391,0.6100000023841858,0.6709549784660339
0,0.5211726497458324,0.9363008160932833,0.5800000011920929,0.6829371869564056
1,0.5700325746489658,0.679075294286498,0.40999999493360517,0.7211110651493072
2,0.5602605950560554,0.678634325727966,0.5200000047683716,0.6897859632968902
3,0.6644951204135285,0.6619064821482481,0.5300000041723252,0.6857878923416137
4,0.6384364822788425,0.6597093403921842,0.6000000029802323,0.6771612346172333
5,0.6384364847057417,0.6517368421104133,0.6699999928474426,0.6628682017326355
6,0.5798045649202328,0.6664454377823622,0.6599999994039536,0.6622552275657654
7,0.6058631975215887,0.6555426534301684,0.6000000037252903,0.6497183531522751
8,0.615635183909817,0.6526351625445611,0.6100000038743019,0.6437746047973633
9,0.671009777034921,0.6304676148324525,0.6000000037252903,0.6440474897623062
10,0.5993485410943482,0.6510744617117344,0.6799999967217445,0.6417398631572724
11,0.6677524462973256,0.6263706070592426,0.5999999970197678,0.6592405319213868
12,0.6905537478698581,0.6189662204503237,0.4899999976158142,0.6965061664581299
13,0.7328990251311261,0.6058021556670968,0.730000002682209,0.6204482287168502
14,0.6872964200445417,0.6020209543673922,0.6499999970197677,0.6196661353111267
15,0.6775244351124531,0.6065895991333144,0.6699999958276749,0.6328132063150406
16,0.7166123830922652,0.6069777081766036,0.6299999982118607,0.6489727258682251
17,0.7296416927432393,0.5921814181517312,0.7000000044703484,0.6086330622434616
18,0.7068403899087191,0.5864140686460737,0.5599999941885472,0.6533439189195633
19,0.7133550494423907,0.5733264628373063,0.609999991953373,0.6468992590904236
0,0.530944628610673,0.7309213535016833,0.5499999955296516,0.7167102932929993
1,0.5700325824150433,0.6849855611689316,0.5499999925494194,0.7012161314487457
2,0.6221498405312094,0.6606301247879426,0.5499999985098839,0.6911728888750076
3,0.6482084754623886,0.6349627431906784,0.5899999991059304,0.6842776596546173
4,0.6742671038894777,0.6158926719951319,0.4899999976158142,0.7986817538738251
5,0.6938110766659342,0.6017446492704585,0.5999999970197678,0.6727761566638947
6,0.7296416937139989,0.576314792570928,0.5799999989569187,0.6797854632139206
7,0.7328990261018858,0.5510812058122616,0.4899999976158142,0.776539471745491
8,0.7687296477125212,0.5218761165289615,0.5799999989569187,0.6980789691209793
9,0.7687296360634049,0.500459453376186,0.6100000023841858,0.6539668649435043
10,0.8664495047994856,0.44665269801205065,0.5199999950826169,0.6778282970190048
11,0.908794784002273,0.4098799480094972,0.5800000086426735,0.6518801510334015
12,0.9218240991865773,0.3708076718769943,0.5700000055134297,0.6565998494625092
13,0.9250814270118937,0.3403505755752228,0.5699999995529652,0.6675966173410416
14,0.9413680748753128,0.30854012630273153,0.6,0.6632448464632035
15,0.9478827256721472,0.267004547755959,0.6099999994039536,0.6651954457163811
16,0.9511400593220217,0.24125697228341614,0.5600000068545341,0.6681954264640808
17,0.9576547178849335,0.21636208314266578,0.6099999979138374,0.6755359835922718
18,0.9576547169141738,0.19353212857867685,0.5900000035762787,0.6686299100518227
19,0.9771986926029094,0.15830051034980178,0.5900000035762787,0.6715220957994461
0,0.4885993571739632,0.7725560826276723,0.45000000223517417,0.7317512273788452
1,0.478827367388076,0.709726752209741,0.31000000387430193,0.7599050462245941
2,0.5765472390364358,0.6838964621873166,0.5200000032782555,0.7043085932731629
3,0.5602605911730166,0.6838731006612995,0.5599999979138375,0.6895113289356232
4,0.6026058674635251,0.6616728839734478,0.6199999921023845,0.6710190117359162
5,0.5960912111333605,0.6564767413108279,0.6199999988079071,0.658287426829338
6,0.6091205279679562,0.6430107790018138,0.5500000089406967,0.6869767785072327
7,0.6938110747244148,0.6301324913090137,0.6000000014901161,0.650595623254776
8,0.6677524456177938,0.6222003513904658,0.6500000037252903,0.6419571250677109
9,0.6547231301422616,0.6348206059163867,0.6100000113248825,0.6766944825649261
10,0.6710097760641613,0.6156407259768694,0.6700000047683716,0.6336257964372635
11,0.7035830698494803,0.5956863997813545,0.6400000125169754,0.6648177742958069
12,0.7133550455593519,0.5879643602169298,0.6500000044703483,0.6514227211475372
13,0.7068403908794788,0.5859926603127769,0.6,0.692439517378807
14,0.7426710076363157,0.5727921671898435,0.6200000047683716,0.6191765546798706
15,0.7361563510149232,0.5614796467246761,0.6700000017881393,0.6270050972700119
16,0.7296416946847586,0.562291105135256,0.7000000029802322,0.6113633006811142
17,0.752442999849102,0.5535741687209288,0.6800000041723251,0.6102893143892288
18,0.7557003228206199,0.5376914354217169,0.6200000017881393,0.6167436078190803
19,0.7296416943935308,0.5772120855530233,0.5400000013411045,0.742623382806778
0,0.5211726451347239,0.7112159583389953,0.3700000040233135,0.7351231455802918
1,0.5798045688032716,0.6854360678296912,0.6200000025331974,0.6829676330089569
2,0.6123778541429812,0.6788916651899729,0.5799999974668026,0.6800414264202118
3,0.5960912079298535,0.6643118308887419,0.4,0.7492015391588212
4,0.592833880638455,0.680128149372747,0.5000000059604645,0.6947474360466004
0,0.5454545492126096,0.7110010116331039,0.6199999988079071,0.6568513631820678
1,0.5571847616577428,0.6892686823596004,0.6100000001490116,0.6258418887853623
2,0.55425220963892,0.6908749934515296,0.45000000298023224,0.7213983029127121
3,0.5689149623043027,0.6641128264214636,0.7199999988079071,0.6314534366130828
4,0.5953079223458019,0.6654660931605397,0.7400000035762787,0.6308699071407318
5,0.6539589481269859,0.64103968174926,0.6,0.5964945316314697
6,0.6099706785070581,0.6440521798525388,0.7900000005960465,0.6068915098905563
7,0.6891495609912704,0.6245006401517874,0.6799999997019768,0.5842281550168991
8,0.7096774244238554,0.6249289672570494,0.650000000745058,0.5772547096014022
9,0.6627566017363428,0.621050377745083,0.7699999928474426,0.5749417990446091
0,0.4985337315067168,0.7054386617850698,0.6700000010430813,0.6397865593433381
1,0.5425219975870725,0.6879534623490051,0.6199999988079071,0.6263554453849792
2,0.5777126132917544,0.6681083383098725,0.49000000208616257,0.6830638468265533
3,0.5689149642270331,0.6719067671781411,0.38000000491738317,0.7414732426404953
0,0.5353535432807525,0.6873308683083916,0.5100000016391277,0.6812920272350311
1,0.6094276146455244,0.6516387440540172,0.5500000022351742,0.6882244676351548
2,0.6262626344908769,0.6382210443316887,0.5299999982118606,0.7118039965629578
3,0.6127946168083935,0.6495345393415252,0.5100000016391277,0.6721778988838196
4,0.6969696979731421,0.6021554680785748,0.580000001937151,0.6816770255565643
5,0.707070711485866,0.5860326646353661,0.5800000071525574,0.6693449586629867
6,0.723905724307102,0.5689661918264447,0.5900000020861625,0.6699828624725341
7,0.7171717192789521,0.5252885860626144,0.5300000004470349,0.7873503744602204
8,0.6969696949628066,0.5545089313076803,0.6299999967217446,0.6988204032182693
9,0.7508417456238358,0.520962194962935,0.5099999994039536,0.8871767401695252
10,0.6464646484715368,0.6025250316268266,0.6600000023841858,0.6916858345270157
11,0.7474747454678571,0.5436561872260739,0.6100000001490116,0.7508791610598564
12,0.7710437666286122,0.5093156405370244,0.6000000007450581,0.7463858544826507
13,0.7373737369723593,0.511729055984253,0.6499999970197677,0.7067301422357559
0,0.5656565687672458,0.6754142463407934,0.4899999968707561,0.692105096578598
1,0.6936026978171634,0.6477800491281631,0.5500000007450581,0.6824381589889527
2,0.6531986548041655,0.6321401905130457,0.5900000013411045,0.6872348636388779
3,0.6868686907821231,0.6174746922370962,0.6300000101327896,0.6605834007263184
4,0.6902356956542943,0.5965609576565649,0.5799999989569187,0.673846885561943
5,0.7407407411421189,0.5654384616248134,0.6400000095367432,0.6506008744239807
6,0.6801346764219329,0.5672474501510261,0.6600000113248825,0.6448403894901276
7,0.7542087538073762,0.5252295003996955,0.5900000013411045,0.6904451370239257
8,0.7575757529599096,0.5256314578682485,0.5700000055134297,0.6779540807008744
9,0.7340067348094902,0.5212449746501164,0.6400000065565109,0.6677268326282502
0,0.49831650614337086,0.7029332972134805,0.5000000014901161,0.6884358108043671
1,0.5117845213172412,0.6923734421280499,0.6000000029802323,0.6811083137989045
2,0.5420875493625198,0.6879547513293899,0.49999999552965163,0.6814999878406525
3,0.5723905778091765,0.6732826881135754,0.6599999979138375,0.6684415638446808
4,0.6498316526412964,0.6485515871031918,0.6400000035762787,0.6490841567516327
5,0.6464646539904855,0.6352622270182728,0.6599999994039536,0.6444172143936158
6,0.744107743304988,0.5797700775592817,0.6599999994039536,0.6402777433395386
7,0.7744107718018169,0.5368352770203292,0.6600000083446502,0.6353689193725586
8,0.7777777779784668,0.5031107499543264,0.6699999988079071,0.662507152557373
9,0.7340067358129354,0.5196820684153625,0.6599999994039536,0.6668858885765075
10,0.7373737359689141,0.5286425703302376,0.6200000017881393,0.7133159279823303
11,0.767676769482969,0.47104875738371904,0.6599999949336052,0.7036060243844986
0,0.46127946629668726,0.7131339329661746,0.6500000089406968,0.6780112624168396
1,0.5555555587665801,0.6784365863511057,0.5800000034272671,0.6678743779659271
2,0.6329966398200604,0.6473398603975572,0.6699999988079071,0.6456340730190278
3,0.7070707104824208,0.6053215419804608,0.6000000074505806,0.6425619035959244
4,0.7744107718018169,0.5503781960668789,0.7,0.6168586403131485
5,0.7239057253105472,0.5577813359824094,0.7200000047683716,0.6135767012834549
6,0.8114478086381649,0.48833968763800983,0.7199999988079071,0.6226898282766342
7,0.7878787864739646,0.4572011812367423,0.7299999952316284,0.626854732632637
8,0.7710437716458381,0.4949243795189392,0.7399999976158143,0.6331271588802337
9,0.7710437736527286,0.46578829577474884,0.7100000023841858,0.6453389227390289
10,0.797979792962572,0.4436363191516311,0.6100000023841858,0.767526550590992
11,0.8080808054718506,0.40367042466446207,0.7199999988079071,0.66289803981781
0,0.555555557963824,0.6923030960038054,0.6000000089406967,0.6938890933990478
1,0.6734006771134207,0.6423576349762554,0.5600000008940696,0.7018570244312287
2,0.7205387194349309,0.5727945465832849,0.620000010728836,0.6904758334159851
3,0.6767676792762898,0.5846431179078742,0.590000006556511,0.6887927114963531
4,0.7979797949694624,0.5108447940863343,0.6400000065565109,0.6967789918184281
5,0.7575757532609432,0.5133526066336969,0.5,0.8703064382076263
6,0.7676767654691883,0.5016518492088575,0.6300000041723252,0.7143012106418609
7,0.8013467951254412,0.46047035762757965,0.5800000011920929,0.833742493391037
0,0.5757575799720456,0.6950909860607751,0.6400000035762787,0.6729135990142823
1,0.6599326641471298,0.6628403163919545,0.5600000031292438,0.6710451245307922
2,0.676767677971811,0.6324853927198083,0.5900000020861625,0.6676216006278992
3,0.7037037015964688,0.6007885840605405,0.5799999989569187,0.6726617276668548
0,0.5319865396127155,0.6864626267140963,0.6000000014901161,0.6776104807853699
1,0.6094276151472471,0.6530668576959809,0.4899999998509884,0.6974345237016678
2,0.7070707084755303,0.5857000236559395,0.6200000017881393,0.643697339296341
3,0.7609427601400048,0.5465315983753012,0.6600000038743019,0.6479117333889007
4,0.7609427651572308,0.5225331522398926,0.6500000044703483,0.6730319619178772
5,0.7710437726492834,0.47769549413762913,0.5899999909102916,0.7324743404984474
6,0.7676767624588526,0.4973634939001064,0.5999999918043614,0.743659844994545
0,0.5218855316189404,0.699257553225816,0.5099999964237213,0.6901147097349167
1,0.5387205439384537,0.6931618600582032,0.6799999967217445,0.6714163661003113
2,0.5488215556951485,0.6913681596216529,0.6599999994039536,0.667270714044571
3,0.5690235734387279,0.6861033847034981,0.7400000035762787,0.652144318819046
4,0.5791245846435277,0.6728341188093628,0.7200000017881394,0.6478289902210236
5,0.6127946183135614,0.6577710966871242,0.6700000047683716,0.6416200429201127
6,0.6195286231410222,0.6474162986382892,0.7199999988079071,0.6268600165843964
0,0.5117845180560443,0.7190842128763295,0.4800000086426735,0.696244066953659
1,0.5454545504717715,0.6838770364270066,0.49000000208616257,0.6936256051063537
2,0.5791245821349147,0.6719159267165444,0.5600000001490116,0.6751509666442871
3,0.5387205414298407,0.6823768497316123,0.6700000047683716,0.6561947941780091
4,0.6060606122819663,0.6732327883893793,0.65,0.6542235434055328
5,0.6060606114792101,0.6479022294182568,0.5300000041723252,0.677098098397255
6,0.6464646524853177,0.6452751231916023,0.5900000050663948,0.6663925170898437
0,0.5117845208155186,0.7188859218700165,0.5000000014901161,0.6900993824005127
1,0.5286195329343429,0.6894610484039744,0.5600000038743019,0.6803738534450531
2,0.5858585897720221,0.6721544038968456,0.6,0.6793893337249756
3,0.5757575809754908,0.6799158809160946,0.5199999965727329,0.6820948183536529
4,0.5858585949899372,0.663749772089499,0.6200000077486039,0.6663703262805939
5,0.5925925958036172,0.6660358333828473,0.5700000025331974,0.6780860185623169
6,0.5723905768057312,0.6556326618499627,0.5900000005960464,0.6587968587875366
7,0.696969696969697,0.5976735343435396,0.6700000077486038,0.6398132920265198
8,0.713804714808159,0.5768085878706138,0.6700000047683716,0.6335543006658554
9,0.6936026953085505,0.5623446946794336,0.6400000065565109,0.6404980063438416
10,0.7340067378198257,0.5339741413842146,0.6400000035762787,0.6806144744157792
0,0.6363636379691486,0.6812687110820603,0.610000005364418,0.6482830703258514
1,0.7104377116418447,0.5991321912518254,0.7200000017881394,0.5929741024971008
2,0.7441077395922407,0.5717978856780312,0.6800000011920929,0.5963179707527161
3,0.7878787864739646,0.5241095112630414,0.7600000023841857,0.540282016992569
4,0.7912457896402789,0.5026946061789387,0.7900000035762786,0.5100781321525574
5,0.794612791803148,0.484607159288644,0.7899999976158142,0.4897430017590523
6,0.8047138033089815,0.41637785517005405,0.779999989271164,0.474504691362381
7,0.8451178423081985,0.4293205780212325,0.7999999940395355,0.45083709955215456
8,0.8249158172896414,0.4113067292203807,0.7699999988079071,0.4793144643306732
9,0.835016824781694,0.4111047763415057,0.7699999988079071,0.4443954393267632
10,0.8451178423081985,0.3801057159097909,0.7900000035762786,0.4622271224856377
0,0.5505319198078298,0.8009151711742929,0.4841269938245652,0.6886599139561729
1,0.5930851137939286,0.668059952398564,0.6428571438032483,0.6090060292728363
2,0.7021276617937899,0.5931977688315067,0.7301587273204138,0.5689671134191846
3,0.7473404179228113,0.5331397663722647,0.8015872921262469,0.5177628738539559
4,0.8031914868253343,0.48765129278948965,0.7619047666352893,0.5137485237348647
5,0.7579787215019794,0.4636847349081902,0.7936507870280554,0.4531437153854067
6,0.7845744658657845,0.446141483618858,0.833333326710595,0.42027801653695485
7,0.8324468037549485,0.4043423728422916,0.8253968168818762,0.4220804472764333
8,0.8297872286527714,0.3966173912457963,0.7857142819298638,0.44435915374566637
9,0.8297872294453864,0.39079398130799864,0.8015873015873016,0.432990638982682
0,0.4983165026814849,0.72857284846932,0.6100000008940697,0.6697599530220032
1,0.636363642283963,0.6462622945156161,0.6700000062584877,0.6370399773120881
2,0.7239057273174376,0.5948604604210517,0.7000000074505806,0.6029129475355148
3,0.7575757569736905,0.5390459444587078,0.7500000029802323,0.5709933012723922
4,0.8013467971323315,0.48996878312493014,0.6599999964237213,0.5725363075733185
5,0.7777777779784668,0.48831151029477615,0.8199999928474426,0.5241122454404831
6,0.7979797992842768,0.4640447882690815,0.8099999964237213,0.5057566881179809
7,0.8148148138113697,0.4356447799438579,0.8399999976158142,0.48813641965389254
8,0.8080808084821861,0.4214609085710763,0.8299999952316284,0.4748539239168167
9,0.821548814123327,0.43738880773586053,0.8099999964237213,0.4716539740562439
10,0.8350168267885844,0.39496285495934663,0.8099999964237213,0.4776965379714966
0,0.5292553277091777,0.7740103066601651,0.5873016000740112,0.6600139197849092
1,0.6968085176133095,0.6166684968357391,0.5555555664357685,0.6275491984117598
2,0.7260638329576938,0.5727977603673935,0.6428571438032483,0.5790962709320916
3,0.7792553175637063,0.5011684607635153,0.841269832754892,0.49474544184548513
4,0.7898936128996789,0.4724952504038811,0.6825396778091551,0.5378211547457983
5,0.7978723413766698,0.43575642670088627,0.8333333276567005,0.42636701464653015
6,0.8085106341762746,0.4420806016535201,0.7619047571742346,0.4812342706653807
0,0.617021280479558,0.6723301952823679,0.7222222184378003,0.6363394903758216
1,0.7313829768211284,0.5936972254768331,0.8253968216124035,0.5639083603071788
2,0.7579787215019794,0.5321296645288772,0.8571428476818024,0.49086264485404607
3,0.7819148923488374,0.4692756177738626,0.8968253826338147,0.43679583971462554
4,0.8031914868253343,0.43590334168774014,0.8730158626087128,0.4032804095555866
5,0.8377659552274866,0.40831930697598356,0.8968253826338147,0.3887013073951479
6,0.8404255271592038,0.4180422170840679,0.880952377167959,0.3731682196496025
0,0.5925058595469741,0.6596737783184096,0.7762237749733292,0.5998495571263187
1,0.735362995285061,0.5782450187680872,0.8041957929417803,0.5287009006613618
2,0.7728337246305211,0.5093808936291053,0.8181818144304769,0.47344964700978953
3,0.7868852432494421,0.4706267551180909,0.8251748189225897,0.438729666329764
4,0.7798594811481949,0.4701770657119483,0.8531468410591979,0.4240181179313393
5,0.8454332533150702,0.4041537531505424,0.8601398497194677,0.40552057919802365
6,0.8337236479518005,0.3802073117720718,0.846153849071556,0.3878338205647635
7,0.819672126541093,0.3812193123043561,0.8531468493955119,0.38563616000688994
8,0.8594847698401511,0.34664759640112974,0.8531468493955119,0.36088753705258136
0,0.5142180167526995,0.7111958146660249,0.6808510617161474,0.6498572179611694
1,0.642180095139838,0.6453927868350422,0.7943262407120238,0.5630544267647656
2,0.7511848341232228,0.5683564098807873,0.7588652499178623,0.5209858263215275
3,0.7796208512444067,0.5233830486146195,0.8652482244139867,0.4295492021115959
4,0.805687201249091,0.4664159517435101,0.8439716278238499,0.405769242251173
5,0.8222748772792906,0.4362526795875405,0.8723404246864589,0.37529725385895857
6,0.8293838794762489,0.42020092339594783,0.8865248210041236,0.3669710638041192
7,0.8388625575467874,0.3942007407616665,0.8581560241415146,0.36905361051466445
8,0.8199052083266289,0.39473683199893805,0.8794326249589312,0.3333929184269398
9,0.8199052098803046,0.41175338809524104,0.893617017049316,0.3307370584167487
10,0.8412322170361524,0.35398224737689393,0.8936170128220362,0.3149490460542077
11,0.8436018957345972,0.3486164878541824,0.8936170128220362,0.31340220906104604
12,0.8483412277077047,0.3565281181821326,0.8936170212765957,0.3027791419984601
13,0.8649289085401743,0.3153676078147233,0.8936170128220362,0.29423631331387984
14,0.8767772458175912,0.31008632488160337,0.9078014133669806,0.2945550969729187
15,0.8554502293396901,0.3307169293057862,0.9290780099571174,0.2865565552884805
16,0.8886255842249541,0.27104662485879744,0.8723404162318994,0.29029540827246847
17,0.8957345864219123,0.26840099478714274,0.8723404162318994,0.2879707485384552
18,0.8720379039574574,0.2854113197086547,0.9148936136394528,0.2795733623338718
0,0.5805687261701196,0.6819173094785609,0.6879432598749796,0.6431530553398402
1,0.587677733310591,0.641322231264476,0.7659574480766945,0.5909737012487777
2,0.7109004747811087,0.5747450129680723,0.7730496462355269,0.5192021230856577
3,0.7606635071090048,0.529573268093769,0.8368794233240979,0.47530935947776687
4,0.7985781982046734,0.4763531773858726,0.865248220186707,0.4343640946961464
5,0.7985781948148357,0.4534106131696023,0.8581560283687943,0.4194854857228326
6,0.8080568663881853,0.43881440381585707,0.858156015686955,0.40719402734692217
7,0.8364928873229366,0.3961539005781237,0.8652482159594272,0.39232194254584346
0,0.5995260729185213,0.7237020838317147,0.7517730475317502,0.6159884001769073
1,0.7393364911960765,0.5882015054542307,0.7375886491004456,0.5853174826566209
2,0.7654028404945445,0.5355340434476663,0.7375886491004456,0.5462236309305151
3,0.798578196227268,0.48860676770244166,0.7943262385983839,0.5032075190163673
4,0.7843601861836221,0.4547911484800809,0.865248220186707,0.4329936870023714
5,0.7962085293932548,0.447699313692007,0.8085106391433283,0.4443321075845272
6,0.774881513762813,0.4731616584751843,0.8581560283687943,0.413113627239322
7,0.7962085265683901,0.4310168486212102,0.8439716278238499,0.40372388297361683
0,0.5165876839751316,0.7376898959349681,0.794326238175656,0.6098515869032407
1,0.6540284420217948,0.6290984162222153,0.8368794317786575,0.5556161729156548
2,0.7725118511660969,0.5586837472226382,0.8085106349160486,0.4912163847727133
3,0.7843601890084868,0.5019219054430017,0.8581560241415146,0.4468403581186389
4,0.7867298535826082,0.46639696611047354,0.8439716278238499,0.41316536301416706
5,0.796208528828282,0.44266078299820705,0.8297872272789055,0.3950871742786245
6,0.8009478636262541,0.44602720612457014,0.8510638238690423,0.4016789327910606
0,0.5308056927828992,0.6913304803495723,0.6737588614436751,0.640684758940487
1,0.6872037909042213,0.6146308559377046,0.7588652456905824,0.5741622414149291
2,0.7298578196227268,0.5476597647813825,0.8085106433706081,0.49575293571391005
3,0.7677725121308278,0.4864322643426922,0.8439716235965702,0.4443397877064157
4,0.7867298578199052,0.4645123533304269,0.8368794317786575,0.4288865164027992
5,0.8056872026615233,0.4444191392281609,0.8652482159594272,0.3927030866661816
6,0.7867298605035267,0.434504715681641,0.9078014175942604,0.36562696775646075
7,0.7914691910642018,0.4273548792888768,0.9078014175942604,0.35574736821313274
8,0.8175355388089944,0.41211583666609364,0.914893609412173,0.3479733276874461
9,0.8270142163145598,0.3888696599133772,0.914893609412173,0.3318554753741474
10,0.8364928873229366,0.37198118265206215,0.907801404912421,0.32878918977493937
11,0.8507108931292855,0.36281437681043316,0.9290780099571174,0.30848744828650293
12,0.8530805647655686,0.33521539523703225,0.8936170212765957,0.31002432055084417
13,0.8554502313170953,0.325789407178124,0.921985813911925,0.28350114875228694
14,0.8672985691594851,0.30853825913503835,0.9148936136394528,0.27657891080734576
15,0.8672985677470528,0.29511540753864,0.9361702060023098,0.26823660715463316
16,0.8649289037379043,0.3127899961237094,0.9219858096846452,0.2608388250178479
17,0.8767772429927265,0.2727105636944138,0.9148936051848933,0.26349300748490273
18,0.9004739268696139,0.2577918590492264,0.9007092046399489,0.26354226839880573
19,0.881516579768104,0.2746003185756399,0.8865248125495641,0.29960254882297194
0,0.4905213344647986,0.7036646858775785,0.6666666717394024,0.6685071367744013
1,0.5734597204420804,0.6655076701211703,0.7446808451456381,0.6223160527276654
2,0.7180094788848507,0.6133069607883833,0.7375886533277255,0.5933772771493763
3,0.7488151637581287,0.5442747308462152,0.8368794275513778,0.48081611889473935
4,0.8033175289065917,0.47616440933462567,0.8723404162318994,0.4300552325468537
5,0.7985781969334842,0.46930812165070485,0.8581560241415146,0.4053213006638466
6,0.7938388586044312,0.43652094420381066,0.8723404204591791,0.3955818573211102
7,0.8222748801041554,0.4080895525160559,0.8581560241415146,0.38926113888304287
8,0.8199052090328451,0.40633652016732363,0.8581560241415146,0.370536485356642
9,0.8601895632902028,0.35831187672524656,0.8510638323236019,0.36236557227077215
10,0.8341232204889234,0.3792738687441247,0.8865248210041236,0.35189613678776627
11,0.8436018888136787,0.348464645321759,0.8439716235965702,0.3790762531736218
12,0.8672985691594851,0.3293866197009222,0.8794326165043715,0.3392392931677771
13,0.8696682393833359,0.32125709227052346,0.8297872315061853,0.3591886099348677
14,0.8744075733338487,0.32078825156270613,0.8439716193692904,0.3417456400521258
15,0.879146911804145,0.2967692225889007,0.8723404162318994,0.3251631951078455
16,0.8767772458175912,0.27977640570198753,0.8794326165043715,0.3201763801118161
17,0.8791469151939826,0.27659396043320966,0.8368794275513778,0.363263634608147
18,0.8767772458175912,0.29047031908944887,0.8581560241415146,0.3226947398156139
19,0.9004739288470192,0.25001714789966273,0.8652482286412665,0.3238169234378118
0,0.5971897035069432,0.6718968106935398,0.6783216843655059,0.6344759385068933
1,0.7213114719898974,0.5760777788084062,0.5454545569169772,0.6499516313726251
2,0.7377049176140189,0.5311226886664397,0.7202797223637988,0.5363356512743276
3,0.7939110004650625,0.47010791141199565,0.8601398497194677,0.4722762032822295
4,0.7728337211407879,0.4588321963852965,0.7202797223637988,0.5077097203348067
5,0.8220140439844243,0.4168106173045183,0.8671328542115805,0.43351341044152536
6,0.8243559656154356,0.4135319299524785,0.8391608237386583,0.4414210911397334
7,0.8313817298105226,0.38972522768538786,0.6923076981431121,0.5625597209363551
8,0.8524590112286373,0.3667144159103724,0.783216779465442,0.44248294455188136
9,0.8548009314637552,0.3496091331265849,0.7552447573288338,0.49747758686959326
10,0.8641686144980669,0.331040622164829,0.7762237666370152,0.432378279996085
11,0.8454332505232836,0.32825179356183043,0.783216779465442,0.42822720537652503
12,0.8899297363864175,0.29252118406167354,0.7902097839575547,0.42813862036991784
13,0.8735362954385387,0.291998916054777,0.7552447531606767,0.4525968357399627
14,0.8829039735872237,0.28142797936460734,0.7342657355161814,0.4754431039303333
15,0.8805620519562125,0.27373450067967386,0.8321678207054005,0.4085739127822689
16,0.8969554901123047,0.26102799049794534,0.8041957887736234,0.4048517938260432
17,0.9110070192004255,0.25700735065222347,0.7622377576527896,0.4579337360141994
18,0.8992974173268892,0.22426901569271535,0.7622377576527896,0.45391569145909555
19,0.8805620554459458,0.2643750326869359,0.7552447489925198,0.44044890020277117
0,0.550351293918958,0.6906262263481175,0.5874125953320857,0.650852064986329
1,0.7166276334041175,0.6163838289381469,0.7552447573288338,0.5840657895261591
2,0.7353630022645276,0.567743367556945,0.8111888057702071,0.5177833141980471
3,0.7611241234549315,0.511940663676072,0.7762237749733292,0.4864890863011767
4,0.8056206051303855,0.4493999525171811,0.8041957971099374,0.449410617351532
5,0.8220140488700509,0.41325338785067656,0.8461538449033991,0.4224365616178179
6,0.8477751686645615,0.3902818079715032,0.7692307663130593,0.4565277824868689
7,0.854800927974022,0.3662264039630912,0.8531468493955119,0.38504818894646387
8,0.8571428537927132,0.35835623496868574,0.8321678234147025,0.3976467956196178
9,0.8852458917285017,0.32214314823826246,0.8251748189225897,0.3945969339017268
10,0.8782201317210946,0.31641645980802574,0.7762237666370152,0.4491016837683591
11,0.8758782156736566,0.2978843545815984,0.8391608362431293,0.3650128109888597
12,0.8829039714933837,0.29831565330263043,0.8251748230907466,0.36803872831217893
13,0.8805620554459458,0.2825372771161502,0.8251748147544328,0.39208472817094175
14,0.9039812529114984,0.26678181127307005,0.8391608320749723,0.3598708408279019
15,0.9133489394355434,0.22272242846477786,0.7972027926178246,0.3926741547517843
16,0.9039812584950717,0.2364207518044903,0.8251748189225897,0.347959580746564
17,0.9274004615441976,0.20803668498294972,0.7972027884496675,0.41921121694824914
18,0.8992974180248359,0.24336085484234454,0.8181818060941629,0.38650197707689726
19,0.9274004615441976,0.18575804481671063,0.8391608362431293,0.33135962048610607
0,0.5949074117535794,0.6767822034932949,0.6944444456862079,0.6305877019961675
1,0.7106481490449773,0.5972510980511153,0.7638888905445734,0.5642209450403849
2,0.7499999955848411,0.5367165013319917,0.8194444427887598,0.4960628358854188
3,0.7777777751562772,0.46871446700835667,0.8125000008278422,0.4645504508581426
4,0.8124999991721578,0.43863231664592467,0.8333333308498064,0.4204727245701684
5,0.7870370342775628,0.4385723192934637,0.7916666666666666,0.44879622964395416
6,0.8217592573276272,0.4268923373547969,0.8611111069718996,0.4038127205438084
7,0.8425925887293286,0.38528049406078124,0.8680555489328172,0.38417532046635944
8,0.842592590936908,0.3607344310730696,0.8749999950329462,0.36966194584965706
9,0.8611111028326882,0.34994772059360035,0.8680555489328172,0.3657601782017284
10,0.8587962902254529,0.3543049280221264,0.8611111111111112,0.36920006366239655
11,0.8634259209588722,0.3199519744763772,0.8749999908937348,0.35253585543897414
12,0.8703703615400527,0.32855377070329805,0.8611111044883728,0.3543037892215782
13,0.8796296249385234,0.309025968235262,0.8819444369938638,0.3432526346296072
14,0.8819444369938638,0.2983868481177423,0.8749999908937348,0.34229134437110686
15,0.8680555489328172,0.3244607626908907,0.8124999966886308,0.40008810224632424
16,0.8773148062604444,0.2930899384879955,0.8472222164273262,0.37549174887438613
17,0.8726851803561052,0.3282871329811988,0.847222224705749,0.3400259419447846
18,0.8865740718664946,0.2665516263632863,0.8611111069718996,0.3414630511154731
19,0.8703703629197898,0.28831009844456007,0.8888888847496774,0.32064006394810146
0,0.5810185212434994,0.6662717480902318,0.6875000037252903,0.6148761792315377
1,0.7083333327814385,0.599470318329555,0.7986111127667956,0.5478300112817023
2,0.7453703709222652,0.5371525171730254,0.7986111086275842,0.47856732789013123
3,0.789351851299957,0.4834726587351825,0.8263888847496774,0.44903910532593727
4,0.8009259226145568,0.45203050688185076,0.8472222147716416,0.4227563709848457
5,0.8148148065363919,0.43276477687888676,0.9027777711550394,0.4006369105643696
6,0.828703700668282,0.3995970560030805,0.8124999925494194,0.4123951490554545
7,0.8217592553959953,0.3984869006607268,0.8055555547277132,0.4198814390434159
8,0.8356481453886738,0.3800848601041017,0.8819444411330752,0.3661922824879487
9,0.8356481475962533,0.37061297493400397,0.8680555489328172,0.3635256764375501
10,0.8564814741688745,0.3416175577375624,0.8611111028326882,0.35384998801681733
11,0.8541666594920335,0.3508617687556479,0.8819444369938638,0.3388270961327685
12,0.85879629160519,0.3340999811059899,0.8888888830939928,0.33562972769141197
13,0.8587962888457157,0.3205204157124239,0.9027777711550394,0.33457014502750504
14,0.8726851755270252,0.3132814551807112,0.902777775294251,0.3395411096927192
15,0.8680555503125544,0.29411006473970636,0.902777767015828,0.32250711715055835
16,0.8865740677272832,0.2838112781583159,0.9027777711550394,0.3168138936161995
17,0.8773148048807073,0.2897117611158777,0.9097222172551684,0.3237444232735369
18,0.8888888803345186,0.2969255335284052,0.8888888789547814,0.31052017046345604
19,0.8796296216271542,0.2854368295693011,0.902777775294251,0.332824663983451
